"2023-07-31 16:55:27.335 INFO  com.serhiihurin.shop.online_shop.OnlineShopApplication - Starting OnlineShopApplication using Java 20.0.1 with PID 5820 (D:\Work\ITworks\Java projects\online_shop\target\classes started by PC4 in D:\Work\ITworks\Java projects\online_shop)
""2023-07-31 16:55:27.339 INFO  com.serhiihurin.shop.online_shop.OnlineShopApplication - No active profile set, falling back to 1 default profile: "default"
""2023-07-31 16:55:27.361 INFO  org.springframework.boot.devtools.env.DevToolsPropertyDefaultsPostProcessor - Devtools property defaults active! Set 'spring.devtools.add-properties' to 'false' to disable
""2023-07-31 16:55:27.362 INFO  org.springframework.boot.devtools.env.DevToolsPropertyDefaultsPostProcessor - For additional web related logging consider setting the 'logging.level.web' property to 'DEBUG'
""2023-07-31 16:55:27.729 INFO  org.springframework.data.repository.config.RepositoryConfigurationDelegate - Bootstrapping Spring Data JPA repositories in DEFAULT mode.
""2023-07-31 16:55:27.773 INFO  org.springframework.data.repository.config.RepositoryConfigurationDelegate - Finished Spring Data repository scanning in 40 ms. Found 6 JPA repository interfaces.
""2023-07-31 16:55:28.120 INFO  org.springframework.boot.web.embedded.tomcat.TomcatWebServer - Tomcat initialized with port(s): 8080 (http)
""2023-07-31 16:55:28.126 INFO  org.apache.coyote.http11.Http11NioProtocol - Initializing ProtocolHandler ["http-nio-8080"]
""2023-07-31 16:55:28.126 INFO  org.apache.catalina.core.StandardService - Starting service [Tomcat]
""2023-07-31 16:55:28.126 INFO  org.apache.catalina.core.StandardEngine - Starting Servlet engine: [Apache Tomcat/10.1.8]
""2023-07-31 16:55:28.162 INFO  org.apache.catalina.core.ContainerBase.[Tomcat].[localhost].[/] - Initializing Spring embedded WebApplicationContext
""2023-07-31 16:55:28.162 INFO  org.springframework.boot.web.servlet.context.ServletWebServerApplicationContext - Root WebApplicationContext: initialization completed in 800 ms
""2023-07-31 16:55:28.249 INFO  org.hibernate.jpa.internal.util.LogHelper - HHH000204: Processing PersistenceUnitInfo [name: default]
""2023-07-31 16:55:28.276 INFO  org.hibernate.Version - HHH000412: Hibernate ORM core version 6.2.2.Final
""2023-07-31 16:55:28.277 INFO  org.hibernate.cfg.Environment - HHH000406: Using bytecode reflection optimizer
""2023-07-31 16:55:28.361 INFO  org.hibernate.bytecode.internal.BytecodeProviderInitiator - HHH000021: Bytecode provider name : bytebuddy
""2023-07-31 16:55:28.434 INFO  org.springframework.orm.jpa.persistenceunit.SpringPersistenceUnitInfo - No LoadTimeWeaver setup: ignoring JPA class transformer
""2023-07-31 16:55:28.444 INFO  com.zaxxer.hikari.HikariDataSource - HikariPool-1 - Starting...
""2023-07-31 16:55:28.524 INFO  com.zaxxer.hikari.pool.HikariPool - HikariPool-1 - Added connection com.mysql.cj.jdbc.ConnectionImpl@5c43acd7
""2023-07-31 16:55:28.524 INFO  com.zaxxer.hikari.HikariDataSource - HikariPool-1 - Start completed.
""2023-07-31 16:55:28.558 INFO  org.hibernate.orm.dialect - HHH035001: Using dialect: org.hibernate.dialect.MySQLDialect, version: 8.0.33
""2023-07-31 16:55:28.697 INFO  org.hibernate.bytecode.internal.BytecodeProviderInitiator - HHH000021: Bytecode provider name : bytebuddy
""2023-07-31 16:55:29.093 INFO  org.hibernate.engine.transaction.jta.platform.internal.JtaPlatformInitiator - HHH000490: Using JtaPlatform implementation: [org.hibernate.engine.transaction.jta.platform.internal.NoJtaPlatform]
""2023-07-31 16:55:29.202 INFO  org.springframework.orm.jpa.LocalContainerEntityManagerFactoryBean - Initialized JPA EntityManagerFactory for persistence unit 'default'
""2023-07-31 16:55:29.607 WARN  org.springframework.boot.autoconfigure.orm.jpa.JpaBaseConfiguration$JpaWebConfiguration - spring.jpa.open-in-view is enabled by default. Therefore, database queries may be performed during view rendering. Explicitly configure spring.jpa.open-in-view to disable this warning
""2023-07-31 16:55:29.781 INFO  org.springframework.security.web.DefaultSecurityFilterChain - Will secure any request with [org.springframework.security.web.session.DisableEncodeUrlFilter@d1e630e, org.springframework.security.web.context.request.async.WebAsyncManagerIntegrationFilter@c34fb73, org.springframework.security.web.context.SecurityContextHolderFilter@a6d6534, org.springframework.security.web.header.HeaderWriterFilter@234b3f80, org.springframework.web.filter.CorsFilter@b80ce7d, org.springframework.security.web.authentication.logout.LogoutFilter@3b97a9a2, com.serhiihurin.shop.online_shop.filter.JWTAuthenticationFilter@158f5b00, org.springframework.security.web.authentication.www.BasicAuthenticationFilter@67bcc2fc, org.springframework.security.web.savedrequest.RequestCacheAwareFilter@5db6efca, org.springframework.security.web.servletapi.SecurityContextHolderAwareRequestFilter@5ae59339, org.springframework.security.web.authentication.AnonymousAuthenticationFilter@399d2d1a, org.springframework.security.web.session.SessionManagementFilter@335de4f7, org.springframework.security.web.access.ExceptionTranslationFilter@8c7cd7, org.springframework.security.web.access.intercept.AuthorizationFilter@7031f74c]
""2023-07-31 16:55:29.918 INFO  org.springframework.boot.devtools.autoconfigure.OptionalLiveReloadServer - LiveReload server is running on port 35729
""2023-07-31 16:55:29.929 INFO  org.apache.coyote.http11.Http11NioProtocol - Starting ProtocolHandler ["http-nio-8080"]
""2023-07-31 16:55:29.939 INFO  org.springframework.boot.web.embedded.tomcat.TomcatWebServer - Tomcat started on port(s): 8080 (http) with context path ''
""2023-07-31 16:55:29.945 INFO  com.serhiihurin.shop.online_shop.OnlineShopApplication - Started OnlineShopApplication in 2.826 seconds (process running for 3.363)
""2023-07-31 16:55:38.317 INFO  org.apache.catalina.core.ContainerBase.[Tomcat].[localhost].[/] - Initializing Spring DispatcherServlet 'dispatcherServlet'
""2023-07-31 16:55:38.317 INFO  org.springframework.web.servlet.DispatcherServlet - Initializing Servlet 'dispatcherServlet'
""2023-07-31 16:55:38.318 INFO  org.springframework.web.servlet.DispatcherServlet - Completed initialization in 1 ms
""2023-07-31 16:55:38.487 INFO  com.serhiihurin.shop.online_shop.controller.ClientRESTController - Getting user info
""2023-07-31 16:56:10.610 INFO  org.springframework.orm.jpa.LocalContainerEntityManagerFactoryBean - Closing JPA EntityManagerFactory for persistence unit 'default'
""2023-07-31 16:56:10.612 INFO  com.zaxxer.hikari.HikariDataSource - HikariPool-1 - Shutdown initiated...
""2023-07-31 16:56:10.616 INFO  com.zaxxer.hikari.HikariDataSource - HikariPool-1 - Shutdown completed.
"