"2023-07-31 17:45:49.624 INFO  com.serhiihurin.shop.online_shop.OnlineShopApplication - Starting OnlineShopApplication using Java 20.0.1 with PID 12888 (D:\Work\ITworks\Java projects\online_shop\target\classes started by PC4 in D:\Work\ITworks\Java projects\online_shop)
""2023-07-31 17:45:49.629 INFO  com.serhiihurin.shop.online_shop.OnlineShopApplication - No active profile set, falling back to 1 default profile: "default"
""2023-07-31 17:45:49.652 INFO  org.springframework.boot.devtools.env.DevToolsPropertyDefaultsPostProcessor - Devtools property defaults active! Set 'spring.devtools.add-properties' to 'false' to disable
""2023-07-31 17:45:49.653 INFO  org.springframework.boot.devtools.env.DevToolsPropertyDefaultsPostProcessor - For additional web related logging consider setting the 'logging.level.web' property to 'DEBUG'
""2023-07-31 17:45:50.029 INFO  org.springframework.data.repository.config.RepositoryConfigurationDelegate - Bootstrapping Spring Data JPA repositories in DEFAULT mode.
""2023-07-31 17:45:50.073 INFO  org.springframework.data.repository.config.RepositoryConfigurationDelegate - Finished Spring Data repository scanning in 40 ms. Found 6 JPA repository interfaces.
""2023-07-31 17:45:50.428 INFO  org.springframework.boot.web.embedded.tomcat.TomcatWebServer - Tomcat initialized with port(s): 8080 (http)
""2023-07-31 17:45:50.433 INFO  org.apache.coyote.http11.Http11NioProtocol - Initializing ProtocolHandler ["http-nio-8080"]
""2023-07-31 17:45:50.434 INFO  org.apache.catalina.core.StandardService - Starting service [Tomcat]
""2023-07-31 17:45:50.434 INFO  org.apache.catalina.core.StandardEngine - Starting Servlet engine: [Apache Tomcat/10.1.8]
""2023-07-31 17:45:50.468 INFO  org.apache.catalina.core.ContainerBase.[Tomcat].[localhost].[/] - Initializing Spring embedded WebApplicationContext
""2023-07-31 17:45:50.468 INFO  org.springframework.boot.web.servlet.context.ServletWebServerApplicationContext - Root WebApplicationContext: initialization completed in 815 ms
""2023-07-31 17:45:50.554 INFO  org.hibernate.jpa.internal.util.LogHelper - HHH000204: Processing PersistenceUnitInfo [name: default]
""2023-07-31 17:45:50.581 INFO  org.hibernate.Version - HHH000412: Hibernate ORM core version 6.2.2.Final
""2023-07-31 17:45:50.583 INFO  org.hibernate.cfg.Environment - HHH000406: Using bytecode reflection optimizer
""2023-07-31 17:45:50.667 INFO  org.hibernate.bytecode.internal.BytecodeProviderInitiator - HHH000021: Bytecode provider name : bytebuddy
""2023-07-31 17:45:50.742 INFO  org.springframework.orm.jpa.persistenceunit.SpringPersistenceUnitInfo - No LoadTimeWeaver setup: ignoring JPA class transformer
""2023-07-31 17:45:50.753 INFO  com.zaxxer.hikari.HikariDataSource - HikariPool-1 - Starting...
""2023-07-31 17:45:50.836 INFO  com.zaxxer.hikari.pool.HikariPool - HikariPool-1 - Added connection com.mysql.cj.jdbc.ConnectionImpl@332516bb
""2023-07-31 17:45:50.837 INFO  com.zaxxer.hikari.HikariDataSource - HikariPool-1 - Start completed.
""2023-07-31 17:45:50.878 INFO  org.hibernate.orm.dialect - HHH035001: Using dialect: org.hibernate.dialect.MySQLDialect, version: 8.0.33
""2023-07-31 17:45:51.021 INFO  org.hibernate.bytecode.internal.BytecodeProviderInitiator - HHH000021: Bytecode provider name : bytebuddy
""2023-07-31 17:45:51.430 INFO  org.hibernate.engine.transaction.jta.platform.internal.JtaPlatformInitiator - HHH000490: Using JtaPlatform implementation: [org.hibernate.engine.transaction.jta.platform.internal.NoJtaPlatform]
""2023-07-31 17:45:51.544 INFO  org.springframework.orm.jpa.LocalContainerEntityManagerFactoryBean - Initialized JPA EntityManagerFactory for persistence unit 'default'
""2023-07-31 17:45:51.973 WARN  org.springframework.boot.autoconfigure.orm.jpa.JpaBaseConfiguration$JpaWebConfiguration - spring.jpa.open-in-view is enabled by default. Therefore, database queries may be performed during view rendering. Explicitly configure spring.jpa.open-in-view to disable this warning
""2023-07-31 17:45:52.151 INFO  org.springframework.security.web.DefaultSecurityFilterChain - Will secure any request with [org.springframework.security.web.session.DisableEncodeUrlFilter@32e19feb, org.springframework.security.web.context.request.async.WebAsyncManagerIntegrationFilter@666c2558, org.springframework.security.web.context.SecurityContextHolderFilter@5d87e822, org.springframework.security.web.header.HeaderWriterFilter@1cbd250f, org.springframework.web.filter.CorsFilter@2aebfc6a, org.springframework.security.web.authentication.logout.LogoutFilter@67bcc2fc, com.serhiihurin.shop.online_shop.filter.JWTAuthenticationFilter@5112959a, org.springframework.security.web.authentication.www.BasicAuthenticationFilter@5d71251a, org.springframework.security.web.savedrequest.RequestCacheAwareFilter@2118a23, org.springframework.security.web.servletapi.SecurityContextHolderAwareRequestFilter@59338c5e, org.springframework.security.web.authentication.AnonymousAuthenticationFilter@f5e1fa1, org.springframework.security.web.session.SessionManagementFilter@667b628d, org.springframework.security.web.access.ExceptionTranslationFilter@c60696f, org.springframework.security.web.access.intercept.AuthorizationFilter@46ed19fe]
""2023-07-31 17:45:52.284 INFO  org.springframework.boot.devtools.autoconfigure.OptionalLiveReloadServer - LiveReload server is running on port 35729
""2023-07-31 17:45:52.297 INFO  org.apache.coyote.http11.Http11NioProtocol - Starting ProtocolHandler ["http-nio-8080"]
""2023-07-31 17:45:52.308 INFO  org.springframework.boot.web.embedded.tomcat.TomcatWebServer - Tomcat started on port(s): 8080 (http) with context path ''
""2023-07-31 17:45:52.314 INFO  com.serhiihurin.shop.online_shop.OnlineShopApplication - Started OnlineShopApplication in 2.9 seconds (process running for 3.431)
""2023-07-31 17:45:58.058 INFO  org.apache.catalina.core.ContainerBase.[Tomcat].[localhost].[/] - Initializing Spring DispatcherServlet 'dispatcherServlet'
""2023-07-31 17:45:58.058 INFO  org.springframework.web.servlet.DispatcherServlet - Initializing Servlet 'dispatcherServlet'
""2023-07-31 17:45:58.059 INFO  org.springframework.web.servlet.DispatcherServlet - Completed initialization in 1 ms
""2023-07-31 17:46:03.500 INFO  com.serhiihurin.shop.online_shop.controller.ClientRESTController - Log in to system with account email: Admin@gmail.com
""2023-07-31 17:46:07.554 INFO  org.springframework.orm.jpa.LocalContainerEntityManagerFactoryBean - Closing JPA EntityManagerFactory for persistence unit 'default'
""2023-07-31 17:46:07.556 INFO  com.zaxxer.hikari.HikariDataSource - HikariPool-1 - Shutdown initiated...
""2023-07-31 17:46:07.560 INFO  com.zaxxer.hikari.HikariDataSource - HikariPool-1 - Shutdown completed.
"