"2023-07-31 16:58:29.659 INFO  com.serhiihurin.shop.online_shop.OnlineShopApplication - Starting OnlineShopApplication using Java 20.0.1 with PID 6364 (D:\Work\ITworks\Java projects\online_shop\target\classes started by PC4 in D:\Work\ITworks\Java projects\online_shop)
""2023-07-31 16:58:29.663 INFO  com.serhiihurin.shop.online_shop.OnlineShopApplication - No active profile set, falling back to 1 default profile: "default"
""2023-07-31 16:58:29.687 INFO  org.springframework.boot.devtools.env.DevToolsPropertyDefaultsPostProcessor - Devtools property defaults active! Set 'spring.devtools.add-properties' to 'false' to disable
""2023-07-31 16:58:29.687 INFO  org.springframework.boot.devtools.env.DevToolsPropertyDefaultsPostProcessor - For additional web related logging consider setting the 'logging.level.web' property to 'DEBUG'
""2023-07-31 16:58:30.074 INFO  org.springframework.data.repository.config.RepositoryConfigurationDelegate - Bootstrapping Spring Data JPA repositories in DEFAULT mode.
""2023-07-31 16:58:30.118 INFO  org.springframework.data.repository.config.RepositoryConfigurationDelegate - Finished Spring Data repository scanning in 40 ms. Found 6 JPA repository interfaces.
""2023-07-31 16:58:30.465 INFO  org.springframework.boot.web.embedded.tomcat.TomcatWebServer - Tomcat initialized with port(s): 8080 (http)
""2023-07-31 16:58:30.471 INFO  org.apache.coyote.http11.Http11NioProtocol - Initializing ProtocolHandler ["http-nio-8080"]
""2023-07-31 16:58:30.472 INFO  org.apache.catalina.core.StandardService - Starting service [Tomcat]
""2023-07-31 16:58:30.472 INFO  org.apache.catalina.core.StandardEngine - Starting Servlet engine: [Apache Tomcat/10.1.8]
""2023-07-31 16:58:30.508 INFO  org.apache.catalina.core.ContainerBase.[Tomcat].[localhost].[/] - Initializing Spring embedded WebApplicationContext
""2023-07-31 16:58:30.508 INFO  org.springframework.boot.web.servlet.context.ServletWebServerApplicationContext - Root WebApplicationContext: initialization completed in 821 ms
""2023-07-31 16:58:30.594 INFO  org.hibernate.jpa.internal.util.LogHelper - HHH000204: Processing PersistenceUnitInfo [name: default]
""2023-07-31 16:58:30.621 INFO  org.hibernate.Version - HHH000412: Hibernate ORM core version 6.2.2.Final
""2023-07-31 16:58:30.623 INFO  org.hibernate.cfg.Environment - HHH000406: Using bytecode reflection optimizer
""2023-07-31 16:58:30.710 INFO  org.hibernate.bytecode.internal.BytecodeProviderInitiator - HHH000021: Bytecode provider name : bytebuddy
""2023-07-31 16:58:30.788 INFO  org.springframework.orm.jpa.persistenceunit.SpringPersistenceUnitInfo - No LoadTimeWeaver setup: ignoring JPA class transformer
""2023-07-31 16:58:30.798 INFO  com.zaxxer.hikari.HikariDataSource - HikariPool-1 - Starting...
""2023-07-31 16:58:30.882 INFO  com.zaxxer.hikari.pool.HikariPool - HikariPool-1 - Added connection com.mysql.cj.jdbc.ConnectionImpl@5c43acd7
""2023-07-31 16:58:30.883 INFO  com.zaxxer.hikari.HikariDataSource - HikariPool-1 - Start completed.
""2023-07-31 16:58:30.923 INFO  org.hibernate.orm.dialect - HHH035001: Using dialect: org.hibernate.dialect.MySQLDialect, version: 8.0.33
""2023-07-31 16:58:31.074 INFO  org.hibernate.bytecode.internal.BytecodeProviderInitiator - HHH000021: Bytecode provider name : bytebuddy
""2023-07-31 16:58:31.481 INFO  org.hibernate.engine.transaction.jta.platform.internal.JtaPlatformInitiator - HHH000490: Using JtaPlatform implementation: [org.hibernate.engine.transaction.jta.platform.internal.NoJtaPlatform]
""2023-07-31 16:58:31.589 INFO  org.springframework.orm.jpa.LocalContainerEntityManagerFactoryBean - Initialized JPA EntityManagerFactory for persistence unit 'default'
""2023-07-31 16:58:32.000 WARN  org.springframework.boot.autoconfigure.orm.jpa.JpaBaseConfiguration$JpaWebConfiguration - spring.jpa.open-in-view is enabled by default. Therefore, database queries may be performed during view rendering. Explicitly configure spring.jpa.open-in-view to disable this warning
""2023-07-31 16:58:32.172 INFO  org.springframework.security.web.DefaultSecurityFilterChain - Will secure any request with [org.springframework.security.web.session.DisableEncodeUrlFilter@3b97a9a2, org.springframework.security.web.context.request.async.WebAsyncManagerIntegrationFilter@77bef5eb, org.springframework.security.web.context.SecurityContextHolderFilter@1bd994b5, org.springframework.security.web.header.HeaderWriterFilter@61bf8777, org.springframework.web.filter.CorsFilter@797039ad, org.springframework.security.web.authentication.logout.LogoutFilter@56cb52d2, com.serhiihurin.shop.online_shop.filter.JWTAuthenticationFilter@158f5b00, org.springframework.security.web.authentication.www.BasicAuthenticationFilter@60558615, org.springframework.security.web.savedrequest.RequestCacheAwareFilter@2691fba9, org.springframework.security.web.servletapi.SecurityContextHolderAwareRequestFilter@65625152, org.springframework.security.web.authentication.AnonymousAuthenticationFilter@3c641ba1, org.springframework.security.web.session.SessionManagementFilter@3e06d01e, org.springframework.security.web.access.ExceptionTranslationFilter@8018c10, org.springframework.security.web.access.intercept.AuthorizationFilter@3207d0f9]
""2023-07-31 16:58:32.307 INFO  org.springframework.boot.devtools.autoconfigure.OptionalLiveReloadServer - LiveReload server is running on port 35729
""2023-07-31 16:58:32.318 INFO  org.apache.coyote.http11.Http11NioProtocol - Starting ProtocolHandler ["http-nio-8080"]
""2023-07-31 16:58:32.328 INFO  org.springframework.boot.web.embedded.tomcat.TomcatWebServer - Tomcat started on port(s): 8080 (http) with context path ''
""2023-07-31 16:58:32.335 INFO  com.serhiihurin.shop.online_shop.OnlineShopApplication - Started OnlineShopApplication in 2.89 seconds (process running for 3.423)
""2023-07-31 16:58:34.936 INFO  org.apache.catalina.core.ContainerBase.[Tomcat].[localhost].[/] - Initializing Spring DispatcherServlet 'dispatcherServlet'
""2023-07-31 16:58:34.937 INFO  org.springframework.web.servlet.DispatcherServlet - Initializing Servlet 'dispatcherServlet'
""2023-07-31 16:58:34.937 INFO  org.springframework.web.servlet.DispatcherServlet - Completed initialization in 0 ms
""2023-07-31 16:58:35.138 INFO  com.serhiihurin.shop.online_shop.controller.ClientRESTController - Getting user info : ClientResponseDTO(id=3, firstName=Shop, lastName=Owner, email=owner@gmail.com, accessToken=null, refreshToken=null)
""2023-07-31 17:00:29.732 INFO  org.springframework.orm.jpa.LocalContainerEntityManagerFactoryBean - Closing JPA EntityManagerFactory for persistence unit 'default'
""2023-07-31 17:00:29.734 INFO  com.zaxxer.hikari.HikariDataSource - HikariPool-1 - Shutdown initiated...
""2023-07-31 17:00:29.738 INFO  com.zaxxer.hikari.HikariDataSource - HikariPool-1 - Shutdown completed.
"