2023-07-31 16:46:41.370 INFO  com.serhiihurin.shop.online_shop.OnlineShopApplication - Starting OnlineShopApplication using Java 20.0.1 with PID 10072 (D:\Work\ITworks\Java projects\online_shop\target\classes started by PC4 in D:\Work\ITworks\Java projects\online_shop)
2023-07-31 16:46:41.374 INFO  com.serhiihurin.shop.online_shop.OnlineShopApplication - No active profile set, falling back to 1 default profile: "default"
2023-07-31 16:46:41.398 INFO  org.springframework.boot.devtools.env.DevToolsPropertyDefaultsPostProcessor - Devtools property defaults active! Set 'spring.devtools.add-properties' to 'false' to disable
2023-07-31 16:46:41.398 INFO  org.springframework.boot.devtools.env.DevToolsPropertyDefaultsPostProcessor - For additional web related logging consider setting the 'logging.level.web' property to 'DEBUG'
2023-07-31 16:46:41.838 INFO  org.springframework.data.repository.config.RepositoryConfigurationDelegate - Bootstrapping Spring Data JPA repositories in DEFAULT mode.
2023-07-31 16:46:41.886 INFO  org.springframework.data.repository.config.RepositoryConfigurationDelegate - Finished Spring Data repository scanning in 43 ms. Found 6 JPA repository interfaces.
2023-07-31 16:46:42.239 INFO  org.springframework.boot.web.embedded.tomcat.TomcatWebServer - Tomcat initialized with port(s): 8080 (http)
2023-07-31 16:46:42.246 INFO  org.apache.coyote.http11.Http11NioProtocol - Initializing ProtocolHandler ["http-nio-8080"]
2023-07-31 16:46:42.247 INFO  org.apache.catalina.core.StandardService - Starting service [Tomcat]
2023-07-31 16:46:42.247 INFO  org.apache.catalina.core.StandardEngine - Starting Servlet engine: [Apache Tomcat/10.1.8]
2023-07-31 16:46:42.280 INFO  org.apache.catalina.core.ContainerBase.[Tomcat].[localhost].[/] - Initializing Spring embedded WebApplicationContext
2023-07-31 16:46:42.280 INFO  org.springframework.boot.web.servlet.context.ServletWebServerApplicationContext - Root WebApplicationContext: initialization completed in 882 ms
2023-07-31 16:46:42.366 INFO  org.hibernate.jpa.internal.util.LogHelper - HHH000204: Processing PersistenceUnitInfo [name: default]
2023-07-31 16:46:42.393 INFO  org.hibernate.Version - HHH000412: Hibernate ORM core version 6.2.2.Final
2023-07-31 16:46:42.395 INFO  org.hibernate.cfg.Environment - HHH000406: Using bytecode reflection optimizer
2023-07-31 16:46:42.478 INFO  org.hibernate.bytecode.internal.BytecodeProviderInitiator - HHH000021: Bytecode provider name : bytebuddy
2023-07-31 16:46:42.553 INFO  org.springframework.orm.jpa.persistenceunit.SpringPersistenceUnitInfo - No LoadTimeWeaver setup: ignoring JPA class transformer
2023-07-31 16:46:42.563 INFO  com.zaxxer.hikari.HikariDataSource - HikariPool-1 - Starting...
2023-07-31 16:46:42.646 INFO  com.zaxxer.hikari.pool.HikariPool - HikariPool-1 - Added connection com.mysql.cj.jdbc.ConnectionImpl@35de241c
2023-07-31 16:46:42.647 INFO  com.zaxxer.hikari.HikariDataSource - HikariPool-1 - Start completed.
2023-07-31 16:46:42.684 INFO  org.hibernate.orm.dialect - HHH035001: Using dialect: org.hibernate.dialect.MySQLDialect, version: 8.0.33
2023-07-31 16:46:42.836 INFO  org.hibernate.bytecode.internal.BytecodeProviderInitiator - HHH000021: Bytecode provider name : bytebuddy
2023-07-31 16:46:43.239 INFO  org.hibernate.engine.transaction.jta.platform.internal.JtaPlatformInitiator - HHH000490: Using JtaPlatform implementation: [org.hibernate.engine.transaction.jta.platform.internal.NoJtaPlatform]
2023-07-31 16:46:43.357 INFO  org.springframework.orm.jpa.LocalContainerEntityManagerFactoryBean - Initialized JPA EntityManagerFactory for persistence unit 'default'
2023-07-31 16:46:43.762 WARN  org.springframework.boot.autoconfigure.orm.jpa.JpaBaseConfiguration$JpaWebConfiguration - spring.jpa.open-in-view is enabled by default. Therefore, database queries may be performed during view rendering. Explicitly configure spring.jpa.open-in-view to disable this warning
2023-07-31 16:46:43.934 INFO  org.springframework.security.web.DefaultSecurityFilterChain - Will secure any request with [org.springframework.security.web.session.DisableEncodeUrlFilter@b44ed45, org.springframework.security.web.context.request.async.WebAsyncManagerIntegrationFilter@7bef1c29, org.springframework.security.web.context.SecurityContextHolderFilter@79bc4e59, org.springframework.security.web.header.HeaderWriterFilter@6fe37300, org.springframework.web.filter.CorsFilter@7bc421af, org.springframework.security.web.authentication.logout.LogoutFilter@6dd656b, com.serhiihurin.shop.online_shop.filter.JWTAuthenticationFilter@3762fe71, org.springframework.security.web.authentication.www.BasicAuthenticationFilter@46c6d3af, org.springframework.security.web.savedrequest.RequestCacheAwareFilter@5f0bfd8f, org.springframework.security.web.servletapi.SecurityContextHolderAwareRequestFilter@6b946674, org.springframework.security.web.authentication.AnonymousAuthenticationFilter@539f8ff9, org.springframework.security.web.session.SessionManagementFilter@731856b8, org.springframework.security.web.access.ExceptionTranslationFilter@2099a06d, org.springframework.security.web.access.intercept.AuthorizationFilter@4a006d93]
2023-07-31 16:46:44.067 INFO  org.springframework.boot.devtools.autoconfigure.OptionalLiveReloadServer - LiveReload server is running on port 35729
2023-07-31 16:46:44.078 INFO  org.apache.coyote.http11.Http11NioProtocol - Starting ProtocolHandler ["http-nio-8080"]
2023-07-31 16:46:44.088 INFO  org.springframework.boot.web.embedded.tomcat.TomcatWebServer - Tomcat started on port(s): 8080 (http) with context path ''
2023-07-31 16:46:44.094 INFO  com.serhiihurin.shop.online_shop.OnlineShopApplication - Started OnlineShopApplication in 2.937 seconds (process running for 3.52)
2023-07-31 16:49:55.378 INFO  org.springframework.orm.jpa.LocalContainerEntityManagerFactoryBean - Closing JPA EntityManagerFactory for persistence unit 'default'
2023-07-31 16:49:55.381 INFO  com.zaxxer.hikari.HikariDataSource - HikariPool-1 - Shutdown initiated...
2023-07-31 16:49:55.386 INFO  com.zaxxer.hikari.HikariDataSource - HikariPool-1 - Shutdown completed.
